e:\projects\raytramp-master\cpp\sbrapp\debug\moc_worker.obj
e:\projects\raytramp-master\cpp\sbrapp\debug\moc_sbrapp.obj
e:\projects\raytramp-master\cpp\sbrapp\debug\qrc_sbrapp.obj
e:\projects\raytramp-master\cpp\sbrapp\debug\model.obj
e:\projects\raytramp-master\cpp\sbrapp\debug\stlparser.obj
e:\projects\raytramp-master\cpp\sbrapp\debug\sbrapp.obj
e:\projects\raytramp-master\cpp\sbrapp\debug\main.obj
e:\projects\raytramp-master\cpp\sbrapp\debug\appglwidget.obj
e:\projects\raytramp-master\cpp\sbrapp\debug\worker.obj
e:\projects\raytramp-master\cpp\sbrapp\debug\vc143.pdb
e:\projects\raytramp-master\cpp\sbrapp\debug\moc_appglwidget.obj
e:\projects\raytramp-master\cpp\debug\sbrapp.exe
e:\projects\raytramp-master\cpp\debug\sbrapp.ilk
e:\projects\raytramp-master\cpp\debug\sbrapp.pdb
e:\projects\raytramp-master\cpp\sbrapp\debug\moc\moc_sbrapp.cpp
e:\projects\raytramp-master\cpp\sbrapp\debug\rcc\qrc_sbrapp.cpp
e:\projects\raytramp-master\cpp\sbrapp\debug\uic\ui_sbrapp.h
e:\projects\raytramp-master\cpp\sbrapp\debug\moc\moc_worker.cpp
e:\projects\raytramp-master\cpp\sbrapp\debug\moc\moc_histwidget.cpp
e:\projects\raytramp-master\cpp\sbrapp\debug\moc\moc_appglwidget.cpp
e:\projects\raytramp-master\cpp\sbrapp\debug\uic\ui_widget.h
e:\projects\raytramp-master\cpp\sbrapp\debug\uic\ui_treeview.h
e:\projects\raytramp-master\cpp\sbrapp\debug\sbrapp.tlog\cl.command.1.tlog
e:\projects\raytramp-master\cpp\sbrapp\debug\sbrapp.tlog\cl.items.tlog
e:\projects\raytramp-master\cpp\sbrapp\debug\sbrapp.tlog\cl.read.1.tlog
e:\projects\raytramp-master\cpp\sbrapp\debug\sbrapp.tlog\cl.write.1.tlog
e:\projects\raytramp-master\cpp\sbrapp\debug\sbrapp.tlog\link.command.1.tlog
e:\projects\raytramp-master\cpp\sbrapp\debug\sbrapp.tlog\link.read.1.tlog
e:\projects\raytramp-master\cpp\sbrapp\debug\sbrapp.tlog\link.write.1.tlog
e:\projects\raytramp-master\cpp\sbrapp\debug\sbrapp.tlog\moc.read.1u.tlog
e:\projects\raytramp-master\cpp\sbrapp\debug\sbrapp.tlog\moc.write.1u.tlog
e:\projects\raytramp-master\cpp\sbrapp\debug\sbrapp.tlog\rcc.read.1u.tlog
e:\projects\raytramp-master\cpp\sbrapp\debug\sbrapp.tlog\rcc.write.1u.tlog
e:\projects\raytramp-master\cpp\sbrapp\debug\sbrapp.tlog\sbrapp.write.1u.tlog
e:\projects\raytramp-master\cpp\sbrapp\debug\sbrapp.tlog\uic.read.1u.tlog
e:\projects\raytramp-master\cpp\sbrapp\debug\sbrapp.tlog\uic.write.1u.tlog
